NAME                            READY   STATUS    RESTARTS      AGE
pod/laces-api-6c4946559-4tqwz   1/1     Running   1 (13h ago)   35h
pod/mysql-68cd895df4-x9ck8      1/1     Running   0             35h

NAME                 TYPE        CLUSTER-IP      EXTERNAL-IP   PORT(S)    AGE
service/kubernetes   ClusterIP   10.43.0.1       <none>        443/TCP    2d19h
service/laces-api    ClusterIP   10.43.246.133   <none>        3000/TCP   2d19h
service/mysql        ClusterIP   None            <none>        3306/TCP   2d19h

NAME                        READY   UP-TO-DATE   AVAILABLE   AGE
deployment.apps/laces-api   1/1     1            1           2d19h
deployment.apps/mysql       1/1     1            1           2d19h

NAME                                   DESIRED   CURRENT   READY   AGE
replicaset.apps/laces-api-55c879bbb8   0         0         0       2d19h
replicaset.apps/laces-api-6597565c95   0         0         0       2d19h
replicaset.apps/laces-api-69b9d974fc   0         0         0       2d19h
replicaset.apps/laces-api-6c4946559    1         1         1       2d19h
replicaset.apps/laces-api-6df4568749   0         0         0       2d19h
replicaset.apps/laces-api-84bfb8c8f8   0         0         0       2d19h
replicaset.apps/laces-api-8598f44c44   0         0         0       2d19h
replicaset.apps/laces-api-b9d4bb96b    0         0         0       2d19h
replicaset.apps/mysql-68cd895df4       1         1         1       2d19h

NAME                                                REFERENCE              TARGETS                        MINPODS   MAXPODS   REPLICAS   AGE
horizontalpodautoscaler.autoscaling/laces-api-hpa   Deployment/laces-api   cpu: 1%/70%, memory: 20%/70%   1         3         1          2d19h
